{"meta": {"format": 3, "version": "7.13.1", "timestamp": "2026-01-07T09:36:49.923602", "branch_coverage": false, "show_contexts": false}, "files": {"src\\dingtalk_download\\__init__.py": {"executed_lines": [2, 3, 4, 5, 6, 11, 13, 14], "summary": {"covered_lines": 8, "num_statements": 8, "percent_covered": 100.0, "percent_covered_display": "100", "missing_lines": 0, "excluded_lines": 0, "percent_statements_covered": 100.0, "percent_statements_covered_display": "100"}, "missing_lines": [], "excluded_lines": [], "functions": {"": {"executed_lines": [2, 3, 4, 5, 6, 11, 13, 14], "summary": {"covered_lines": 8, "num_statements": 8, "percent_covered": 100.0, "percent_covered_display": "100", "missing_lines": 0, "excluded_lines": 0, "percent_statements_covered": 100.0, "percent_statements_covered_display": "100"}, "missing_lines": [], "excluded_lines": [], "start_line": 1}}, "classes": {"": {"executed_lines": [2, 3, 4, 5, 6, 11, 13, 14], "summary": {"covered_lines": 8, "num_statements": 8, "percent_covered": 100.0, "percent_covered_display": "100", "missing_lines": 0, "excluded_lines": 0, "percent_statements_covered": 100.0, "percent_statements_covered_display": "100"}, "missing_lines": [], "excluded_lines": [], "start_line": 1}}}, "src\\dingtalk_download\\browser.py": {"executed_lines": [17, 18, 19, 20, 21, 22, 23, 26, 30, 31, 32, 34, 37, 44, 45, 46, 49, 65, 70, 71, 73, 95, 97, 98, 100, 101, 102, 103, 105, 106, 107, 108, 109, 110, 116, 117, 119, 120, 121, 122, 123, 124, 126, 142, 143, 145, 158, 159, 160, 161, 167, 168, 171, 194, 196, 197, 198, 199, 200, 201, 203, 204, 205, 208, 221, 223, 224, 225, 226, 227, 228, 229, 230, 232, 235, 248, 250, 251, 252, 253, 254, 255, 257, 260, 273, 275, 276, 277, 278, 279, 280, 287, 290, 308, 309, 310, 313, 326, 327, 328, 331, 349, 351, 352, 353, 355, 368, 369, 371, 372, 373, 376, 395, 397, 398, 399, 400, 401, 402, 403, 404, 407, 408, 409, 412, 428, 429, 430, 431, 432, 435, 468, 470, 471, 472, 473, 475, 476, 478, 479, 480, 482, 483, 494, 522, 524, 525, 530, 531, 533, 534, 537, 542, 545, 547, 548, 550, 551, 553, 554, 555, 556, 557, 558, 559], "summary": {"covered_lines": 165, "num_statements": 184, "percent_covered": 89.67391304347827, "percent_covered_display": "90", "missing_lines": 19, "excluded_lines": 0, "percent_statements_covered": 89.67391304347827, "percent_statements_covered_display": "90"}, "missing_lines": [112, 113, 114, 163, 405, 406, 485, 486, 487, 488, 489, 490, 491, 526, 527, 528, 538, 539, 540], "excluded_lines": [], "functions": {"BrowserManager.__init__": {"executed_lines": [70, 71], "summary": {"covered_lines": 2, "num_statements": 2, "percent_covered": 100.0, "percent_covered_display": "100", "missing_lines": 0, "excluded_lines": 0, "percent_statements_covered": 100.0, "percent_statements_covered_display": "100"}, "missing_lines": [], "excluded_lines": [], "start_line": 65}, "BrowserManager.create_browser": {"executed_lines": [95, 97, 98, 100, 101, 102, 103, 105, 106, 107, 108, 109, 110, 116, 117, 119, 120, 121, 122, 123, 124], "summary": {"covered_lines": 21, "num_statements": 24, "percent_covered": 87.5, "percent_covered_display": "88", "missing_lines": 3, "excluded_lines": 0, "percent_statements_covered": 87.5, "percent_statements_covered_display": "88"}, "missing_lines": [112, 113, 114], "excluded_lines": [], "start_line": 73}, "BrowserManager.get_browser": {"executed_lines": [142, 143], "summary": {"covered_lines": 2, "num_statements": 2, "percent_covered": 100.0, "percent_covered_display": "100", "missing_lines": 0, "excluded_lines": 0, "percent_statements_covered": 100.0, "percent_statements_covered_display": "100"}, "missing_lines": [], "excluded_lines": [], "start_line": 126}, "BrowserManager.close_browser": {"executed_lines": [158, 159, 160, 161], "summary": {"covered_lines": 4, "num_statements": 5, "percent_covered": 80.0, "percent_covered_display": "80", "missing_lines": 1, "excluded_lines": 0, "percent_statements_covered": 80.0, "percent_statements_covered_display": "80"}, "missing_lines": [163], "excluded_lines": [], "start_line": 145}, "get_browser_options": {"executed_lines": [194, 196, 197, 198, 199, 200, 201, 203, 204, 205], "summary": {"covered_lines": 10, "num_statements": 10, "percent_covered": 100.0, "percent_covered_display": "100", "missing_lines": 0, "excluded_lines": 0, "percent_statements_covered": 100.0, "percent_statements_covered_display": "100"}, "missing_lines": [], "excluded_lines": [], "start_line": 171}, "_get_edge_options": {"executed_lines": [221, 223, 224, 225, 226, 227, 228, 229, 230, 232], "summary": {"covered_lines": 10, "num_statements": 10, "percent_covered": 100.0, "percent_covered_display": "100", "missing_lines": 0, "excluded_lines": 0, "percent_statements_covered": 100.0, "percent_statements_covered_display": "100"}, "missing_lines": [], "excluded_lines": [], "start_line": 208}, "_get_chrome_options": {"executed_lines": [248, 250, 251, 252, 253, 254, 255, 257], "summary": {"covered_lines": 8, "num_statements": 8, "percent_covered": 100.0, "percent_covered_display": "100", "missing_lines": 0, "excluded_lines": 0, "percent_statements_covered": 100.0, "percent_statements_covered_display": "100"}, "missing_lines": [], "excluded_lines": [], "start_line": 235}, "_get_firefox_options": {"executed_lines": [273, 275, 276, 277, 278, 279, 280, 287], "summary": {"covered_lines": 8, "num_statements": 8, "percent_covered": 100.0, "percent_covered_display": "100", "missing_lines": 0, "excluded_lines": 0, "percent_statements_covered": 100.0, "percent_statements_covered_display": "100"}, "missing_lines": [], "excluded_lines": [], "start_line": 260}, "create_browser": {"executed_lines": [308, 309, 310], "summary": {"covered_lines": 3, "num_statements": 3, "percent_covered": 100.0, "percent_covered_display": "100", "missing_lines": 0, "excluded_lines": 0, "percent_statements_covered": 100.0, "percent_statements_covered_display": "100"}, "missing_lines": [], "excluded_lines": [], "start_line": 290}, "close_browser": {"executed_lines": [326, 327, 328], "summary": {"covered_lines": 3, "num_statements": 3, "percent_covered": 100.0, "percent_covered_display": "100", "missing_lines": 0, "excluded_lines": 0, "percent_statements_covered": 100.0, "percent_statements_covered_display": "100"}, "missing_lines": [], "excluded_lines": [], "start_line": 313}, "_extract_request_headers": {"executed_lines": [349, 351, 352, 353, 355, 368, 369, 371, 372, 373], "summary": {"covered_lines": 10, "num_statements": 10, "percent_covered": 100.0, "percent_covered_display": "100", "missing_lines": 0, "excluded_lines": 0, "percent_statements_covered": 100.0, "percent_statements_covered_display": "100"}, "missing_lines": [], "excluded_lines": [], "start_line": 331}, "_extract_live_name": {"executed_lines": [395, 397, 398, 399, 400, 401, 402, 403, 404, 407, 408, 409], "summary": {"covered_lines": 12, "num_statements": 14, "percent_covered": 85.71428571428571, "percent_covered_display": "86", "missing_lines": 2, "excluded_lines": 0, "percent_statements_covered": 85.71428571428571, "percent_statements_covered_display": "86"}, "missing_lines": [405, 406], "excluded_lines": [], "start_line": 376}, "_extract_cookies": {"executed_lines": [428, 429, 430, 431, 432], "summary": {"covered_lines": 5, "num_statements": 5, "percent_covered": 100.0, "percent_covered_display": "100", "missing_lines": 0, "excluded_lines": 0, "percent_statements_covered": 100.0, "percent_statements_covered_display": "100"}, "missing_lines": [], "excluded_lines": [], "start_line": 412}, "get_browser_cookie": {"executed_lines": [468, 470, 471, 472, 473, 475, 476, 478, 479, 480, 482, 483], "summary": {"covered_lines": 12, "num_statements": 19, "percent_covered": 63.1578947368421, "percent_covered_display": "63", "missing_lines": 7, "excluded_lines": 0, "percent_statements_covered": 63.1578947368421, "percent_statements_covered_display": "63"}, "missing_lines": [485, 486, 487, 488, 489, 490, 491], "excluded_lines": [], "start_line": 435}, "repeat_get_browser_cookie": {"executed_lines": [522, 524, 525, 530, 531, 533, 534, 537, 542, 545, 547, 548, 550, 551, 553, 554, 555, 556, 557, 558, 559], "summary": {"covered_lines": 21, "num_statements": 27, "percent_covered": 77.77777777777777, "percent_covered_display": "78", "missing_lines": 6, "excluded_lines": 0, "percent_statements_covered": 77.77777777777777, "percent_statements_covered_display": "78"}, "missing_lines": [526, 527, 528, 538, 539, 540], "excluded_lines": [], "start_line": 494}, "": {"executed_lines": [17, 18, 19, 20, 21, 22, 23, 26, 30, 31, 32, 34, 37, 44, 45, 46, 49, 65, 73, 126, 145, 167, 168, 171, 208, 235, 260, 290, 313, 331, 376, 412, 435, 494], "summary": {"covered_lines": 34, "num_statements": 34, "percent_covered": 100.0, "percent_covered_display": "100", "missing_lines": 0, "excluded_lines": 0, "percent_statements_covered": 100.0, "percent_statements_covered_display": "100"}, "missing_lines": [], "excluded_lines": [], "start_line": 1}}, "classes": {"BrowserManager": {"executed_lines": [70, 71, 95, 97, 98, 100, 101, 102, 103, 105, 106, 107, 108, 109, 110, 116, 117, 119, 120, 121, 122, 123, 124, 142, 143, 158, 159, 160, 161], "summary": {"covered_lines": 29, "num_statements": 33, "percent_covered": 87.87878787878788, "percent_covered_display": "88", "missing_lines": 4, "excluded_lines": 0, "percent_statements_covered": 87.87878787878788, "percent_statements_covered_display": "88"}, "missing_lines": [112, 113, 114, 163], "excluded_lines": [], "start_line": 49}, "": {"executed_lines": [17, 18, 19, 20, 21, 22, 23, 26, 30, 31, 32, 34, 37, 44, 45, 46, 49, 65, 73, 126, 145, 167, 168, 171, 194, 196, 197, 198, 199, 200, 201, 203, 204, 205, 208, 221, 223, 224, 225, 226, 227, 228, 229, 230, 232, 235, 248, 250, 251, 252, 253, 254, 255, 257, 260, 273, 275, 276, 277, 278, 279, 280, 287, 290, 308, 309, 310, 313, 326, 327, 328, 331, 349, 351, 352, 353, 355, 368, 369, 371, 372, 373, 376, 395, 397, 398, 399, 400, 401, 402, 403, 404, 407, 408, 409, 412, 428, 429, 430, 431, 432, 435, 468, 470, 471, 472, 473, 475, 476, 478, 479, 480, 482, 483, 494, 522, 524, 525, 530, 531, 533, 534, 537, 542, 545, 547, 548, 550, 551, 553, 554, 555, 556, 557, 558, 559], "summary": {"covered_lines": 136, "num_statements": 151, "percent_covered": 90.06622516556291, "percent_covered_display": "90", "missing_lines": 15, "excluded_lines": 0, "percent_statements_covered": 90.06622516556291, "percent_statements_covered_display": "90"}, "missing_lines": [405, 406, 485, 486, 487, 488, 489, 490, 491, 526, 527, 528, 538, 539, 540], "excluded_lines": [], "start_line": 1}}}, "src\\dingtalk_download\\download_manager.py": {"executed_lines": [22, 23, 24, 25, 26, 27, 30, 33, 36, 37, 38, 41, 44, 75, 77, 78, 80, 81, 91, 125, 127, 128, 130, 131, 132, 134, 135, 136, 137, 139, 149, 183, 185, 186, 187, 196, 197, 198, 199, 201, 202, 203, 204, 206, 216, 238, 240, 241, 242, 243, 245, 246, 247, 248, 250, 251, 252, 253, 255, 256, 257, 258, 260, 261, 262, 263, 265, 270, 273, 290, 291, 292, 293, 296, 331, 333, 335, 344, 346, 347, 348, 349, 350, 352, 353, 354, 355, 356, 360, 361, 362, 363, 369, 370, 371, 372, 374, 375, 376, 377, 379, 380, 381, 382, 384, 385, 386, 387, 388, 390, 391, 394, 434, 436, 437, 446, 448, 449, 450, 451, 452, 454, 455, 456, 457, 458, 459, 460, 462, 463, 464, 465, 466, 468, 469, 470, 471], "summary": {"covered_lines": 137, "num_statements": 144, "percent_covered": 95.13888888888889, "percent_covered_display": "95", "missing_lines": 7, "excluded_lines": 0, "percent_statements_covered": 95.13888888888889, "percent_statements_covered_display": "95"}, "missing_lines": [266, 267, 268, 358, 365, 366, 367], "excluded_lines": [], "functions": {"auto_download_m3u8_with_options": {"executed_lines": [75, 77, 78, 80, 81], "summary": {"covered_lines": 5, "num_statements": 5, "percent_covered": 100.0, "percent_covered_display": "100", "missing_lines": 0, "excluded_lines": 0, "percent_statements_covered": 100.0, "percent_statements_covered_display": "100"}, "missing_lines": [], "excluded_lines": [], "start_line": 44}, "download_m3u8_with_options": {"executed_lines": [125, 127, 128, 130, 131, 132, 134, 135, 136, 137, 139], "summary": {"covered_lines": 11, "num_statements": 11, "percent_covered": 100.0, "percent_covered_display": "100", "missing_lines": 0, "excluded_lines": 0, "percent_statements_covered": 100.0, "percent_statements_covered_display": "100"}, "missing_lines": [], "excluded_lines": [], "start_line": 91}, "download_m3u8_with_reused_path": {"executed_lines": [183, 185, 186, 187, 196, 197, 198, 199, 201, 202, 203, 204, 206], "summary": {"covered_lines": 13, "num_statements": 13, "percent_covered": 100.0, "percent_covered_display": "100", "missing_lines": 0, "excluded_lines": 0, "percent_statements_covered": 100.0, "percent_statements_covered_display": "100"}, "missing_lines": [], "excluded_lines": [], "start_line": 149}, "_validate_download_parameters": {"executed_lines": [238, 240, 241, 242, 243, 245, 246, 247, 248, 250, 251, 252, 253, 255, 256, 257, 258, 260, 261, 262, 263, 265, 270], "summary": {"covered_lines": 23, "num_statements": 26, "percent_covered": 88.46153846153847, "percent_covered_display": "88", "missing_lines": 3, "excluded_lines": 0, "percent_statements_covered": 88.46153846153847, "percent_statements_covered_display": "88"}, "missing_lines": [266, 267, 268], "excluded_lines": [], "start_line": 216}, "_build_cookie_header": {"executed_lines": [290, 291, 292, 293], "summary": {"covered_lines": 4, "num_statements": 4, "percent_covered": 100.0, "percent_covered_display": "100", "missing_lines": 0, "excluded_lines": 0, "percent_statements_covered": 100.0, "percent_statements_covered_display": "100"}, "missing_lines": [], "excluded_lines": [], "start_line": 273}, "_build_download_command": {"executed_lines": [331, 333, 335, 344, 346, 347, 348, 349, 350, 352, 353, 354, 355, 356, 360, 361, 362, 363, 369, 370, 371, 372, 374, 375, 376, 377, 379, 380, 381, 382, 384, 385, 386, 387, 388, 390, 391], "summary": {"covered_lines": 37, "num_statements": 41, "percent_covered": 90.2439024390244, "percent_covered_display": "90", "missing_lines": 4, "excluded_lines": 0, "percent_statements_covered": 90.2439024390244, "percent_statements_covered_display": "90"}, "missing_lines": [358, 365, 366, 367], "excluded_lines": [], "start_line": 296}, "execute_download": {"executed_lines": [434, 436, 437, 446, 448, 449, 450, 451, 452, 454, 455, 456, 457, 458, 459, 460, 462, 463, 464, 465, 466, 468, 469, 470, 471], "summary": {"covered_lines": 25, "num_statements": 25, "percent_covered": 100.0, "percent_covered_display": "100", "missing_lines": 0, "excluded_lines": 0, "percent_statements_covered": 100.0, "percent_statements_covered_display": "100"}, "missing_lines": [], "excluded_lines": [], "start_line": 394}, "": {"executed_lines": [22, 23, 24, 25, 26, 27, 30, 33, 36, 37, 38, 41, 44, 91, 149, 216, 273, 296, 394], "summary": {"covered_lines": 19, "num_statements": 19, "percent_covered": 100.0, "percent_covered_display": "100", "missing_lines": 0, "excluded_lines": 0, "percent_statements_covered": 100.0, "percent_statements_covered_display": "100"}, "missing_lines": [], "excluded_lines": [], "start_line": 1}}, "classes": {"": {"executed_lines": [22, 23, 24, 25, 26, 27, 30, 33, 36, 37, 38, 41, 44, 75, 77, 78, 80, 81, 91, 125, 127, 128, 130, 131, 132, 134, 135, 136, 137, 139, 149, 183, 185, 186, 187, 196, 197, 198, 199, 201, 202, 203, 204, 206, 216, 238, 240, 241, 242, 243, 245, 246, 247, 248, 250, 251, 252, 253, 255, 256, 257, 258, 260, 261, 262, 263, 265, 270, 273, 290, 291, 292, 293, 296, 331, 333, 335, 344, 346, 347, 348, 349, 350, 352, 353, 354, 355, 356, 360, 361, 362, 363, 369, 370, 371, 372, 374, 375, 376, 377, 379, 380, 381, 382, 384, 385, 386, 387, 388, 390, 391, 394, 434, 436, 437, 446, 448, 449, 450, 451, 452, 454, 455, 456, 457, 458, 459, 460, 462, 463, 464, 465, 466, 468, 469, 470, 471], "summary": {"covered_lines": 137, "num_statements": 144, "percent_covered": 95.13888888888889, "percent_covered_display": "95", "missing_lines": 7, "excluded_lines": 0, "percent_statements_covered": 95.13888888888889, "percent_statements_covered_display": "95"}, "missing_lines": [266, 267, 268, 358, 365, 366, 367], "excluded_lines": [], "start_line": 1}}}, "src\\dingtalk_download\\link_handler.py": {"executed_lines": [7, 8, 9, 10, 11, 13, 16, 19, 20, 21, 24, 27, 51, 53, 55, 56, 59, 60, 61, 62, 63, 66, 67, 68, 69, 76, 77, 78, 79, 81, 82, 84, 85, 86, 93, 102, 103, 104, 107, 121, 124, 126, 127, 128, 129, 130, 131, 132, 133, 134, 139, 140, 141, 144, 155, 157, 159, 160, 161, 163, 164, 165, 166, 167, 169, 170, 172, 173, 174, 175, 178, 189, 191, 192, 193, 194, 195, 197, 200, 219, 221, 222, 223, 224, 226, 227, 229, 231], "summary": {"covered_lines": 88, "num_statements": 101, "percent_covered": 87.12871287128714, "percent_covered_display": "87", "missing_lines": 13, "excluded_lines": 0, "percent_statements_covered": 87.12871287128714, "percent_statements_covered_display": "87"}, "missing_lines": [71, 72, 73, 87, 88, 89, 90, 135, 136, 137, 233, 234, 235], "excluded_lines": [], "functions": {"read_links_file": {"executed_lines": [51, 53, 55, 56, 59, 60, 61, 62, 63, 66, 67, 68, 69, 76, 77, 78, 79, 81, 82, 84, 85, 86], "summary": {"covered_lines": 22, "num_statements": 29, "percent_covered": 75.86206896551724, "percent_covered_display": "76", "missing_lines": 7, "excluded_lines": 0, "percent_statements_covered": 75.86206896551724, "percent_statements_covered_display": "76"}, "missing_lines": [71, 72, 73, 87, 88, 89, 90], "excluded_lines": [], "start_line": 27}, "_get_file_extension": {"executed_lines": [102, 103, 104], "summary": {"covered_lines": 3, "num_statements": 3, "percent_covered": 100.0, "percent_covered_display": "100", "missing_lines": 0, "excluded_lines": 0, "percent_statements_covered": 100.0, "percent_statements_covered_display": "100"}, "missing_lines": [], "excluded_lines": [], "start_line": 93}, "_read_csv_links": {"executed_lines": [121, 124, 126, 127, 128, 129, 130, 131, 132, 133, 134, 139, 140, 141], "summary": {"covered_lines": 14, "num_statements": 17, "percent_covered": 82.3529411764706, "percent_covered_display": "82", "missing_lines": 3, "excluded_lines": 0, "percent_statements_covered": 82.3529411764706, "percent_statements_covered_display": "82"}, "missing_lines": [135, 136, 137], "excluded_lines": [], "start_line": 107}, "_read_excel_links": {"executed_lines": [155, 157, 159, 160, 161, 163, 164, 165, 166, 167, 169, 170, 172, 173, 174, 175], "summary": {"covered_lines": 16, "num_statements": 16, "percent_covered": 100.0, "percent_covered_display": "100", "missing_lines": 0, "excluded_lines": 0, "percent_statements_covered": 100.0, "percent_statements_covered_display": "100"}, "missing_lines": [], "excluded_lines": [], "start_line": 144}, "_extract_links_from_dataframe": {"executed_lines": [189, 191, 192, 193, 194, 195, 197], "summary": {"covered_lines": 7, "num_statements": 7, "percent_covered": 100.0, "percent_covered_display": "100", "missing_lines": 0, "excluded_lines": 0, "percent_statements_covered": 100.0, "percent_statements_covered_display": "100"}, "missing_lines": [], "excluded_lines": [], "start_line": 178}, "extract_live_uuid": {"executed_lines": [219, 221, 222, 223, 224, 226, 227, 229, 231], "summary": {"covered_lines": 9, "num_statements": 12, "percent_covered": 75.0, "percent_covered_display": "75", "missing_lines": 3, "excluded_lines": 0, "percent_statements_covered": 75.0, "percent_statements_covered_display": "75"}, "missing_lines": [233, 234, 235], "excluded_lines": [], "start_line": 200}, "": {"executed_lines": [7, 8, 9, 10, 11, 13, 16, 19, 20, 21, 24, 27, 93, 107, 144, 178, 200], "summary": {"covered_lines": 17, "num_statements": 17, "percent_covered": 100.0, "percent_covered_display": "100", "missing_lines": 0, "excluded_lines": 0, "percent_statements_covered": 100.0, "percent_statements_covered_display": "100"}, "missing_lines": [], "excluded_lines": [], "start_line": 1}}, "classes": {"": {"executed_lines": [7, 8, 9, 10, 11, 13, 16, 19, 20, 21, 24, 27, 51, 53, 55, 56, 59, 60, 61, 62, 63, 66, 67, 68, 69, 76, 77, 78, 79, 81, 82, 84, 85, 86, 93, 102, 103, 104, 107, 121, 124, 126, 127, 128, 129, 130, 131, 132, 133, 134, 139, 140, 141, 144, 155, 157, 159, 160, 161, 163, 164, 165, 166, 167, 169, 170, 172, 173, 174, 175, 178, 189, 191, 192, 193, 194, 195, 197, 200, 219, 221, 222, 223, 224, 226, 227, 229, 231], "summary": {"covered_lines": 88, "num_statements": 101, "percent_covered": 87.12871287128714, "percent_covered_display": "87", "missing_lines": 13, "excluded_lines": 0, "percent_statements_covered": 87.12871287128714, "percent_statements_covered_display": "87"}, "missing_lines": [71, 72, 73, 87, 88, 89, 90, 135, 136, 137, 233, 234, 235], "excluded_lines": [], "start_line": 1}}}, "src\\dingtalk_download\\m3u8_utils.py": {"executed_lines": [31, 32, 33, 34, 35, 36, 37, 39, 41, 43, 46, 47, 48, 56, 59, 80, 82, 83, 84, 85, 87, 88, 89, 90, 92, 93, 95, 96, 97, 98, 100, 101, 104, 125, 127, 128, 129, 130, 132, 133, 134, 135, 137, 138, 139, 141, 142, 144, 146, 149, 168, 170, 171, 172, 173, 174, 175, 176, 179, 188, 189, 190, 191, 194, 234, 250, 252, 253, 254, 255, 256, 257, 258, 259, 260, 262, 263, 264, 265, 266, 267, 268, 271, 307, 316, 317, 319, 320, 321, 322, 324, 327, 337, 338, 340, 341, 368, 369, 370, 373, 388, 389, 390, 391, 392, 394, 398, 399, 401, 408, 439, 441, 442, 444, 445, 446, 447, 448, 450, 451, 453, 455, 456, 457, 458, 460, 461, 462, 464, 465, 466, 473, 474, 475, 476, 508, 509, 510, 511, 512, 525, 540, 541, 542, 543, 545, 546, 547, 548, 550, 551, 552, 553, 555, 556, 557, 558, 560, 561, 562, 563, 565, 566, 567, 568, 571, 581, 583, 587, 588, 589, 590, 591, 592, 593, 594, 596, 602, 620, 622, 623, 629, 641, 642, 643, 644, 647, 657, 659, 660, 661, 662, 663, 664, 665, 666, 669, 703, 705, 706, 707, 708, 714, 715, 716], "summary": {"covered_lines": 205, "num_statements": 314, "percent_covered": 65.28662420382166, "percent_covered_display": "65", "missing_lines": 109, "excluded_lines": 0, "percent_statements_covered": 65.28662420382166, "percent_statements_covered_display": "65"}, "missing_lines": [203, 204, 206, 208, 209, 210, 211, 212, 213, 214, 215, 217, 218, 219, 220, 221, 222, 223, 224, 226, 227, 229, 230, 231, 285, 286, 287, 289, 291, 292, 301, 302, 303, 304, 343, 344, 346, 347, 348, 350, 352, 354, 355, 356, 357, 359, 360, 361, 362, 363, 364, 366, 395, 396, 403, 404, 405, 471, 472, 478, 479, 480, 482, 483, 484, 486, 488, 489, 490, 492, 493, 494, 495, 496, 498, 499, 501, 502, 504, 505, 506, 514, 515, 516, 517, 518, 519, 520, 521, 522, 584, 585, 597, 598, 599, 631, 633, 634, 635, 636, 638, 639, 709, 711, 712, 717, 718, 719, 720], "excluded_lines": [], "functions": {"extract_prefix": {"executed_lines": [80, 82, 83, 84, 85, 87, 88, 89, 90, 92, 93, 95, 96, 97, 98, 100, 101], "summary": {"covered_lines": 17, "num_statements": 17, "percent_covered": 100.0, "percent_covered_display": "100", "missing_lines": 0, "excluded_lines": 0, "percent_statements_covered": 100.0, "percent_statements_covered_display": "100"}, "missing_lines": [], "excluded_lines": [], "start_line": 59}, "extract_live_uuid": {"executed_lines": [125, 127, 128, 129, 130, 132, 133, 134, 135, 137, 138, 139, 141, 142, 144, 146], "summary": {"covered_lines": 16, "num_statements": 16, "percent_covered": 100.0, "percent_covered_display": "100", "missing_lines": 0, "excluded_lines": 0, "percent_statements_covered": 100.0, "percent_statements_covered_display": "100"}, "missing_lines": [], "excluded_lines": [], "start_line": 104}, "refresh_page_by_click": {"executed_lines": [168, 170, 171, 172, 173, 174, 175, 176], "summary": {"covered_lines": 8, "num_statements": 8, "percent_covered": 100.0, "percent_covered_display": "100", "missing_lines": 0, "excluded_lines": 0, "percent_statements_covered": 100.0, "percent_statements_covered_display": "100"}, "missing_lines": [], "excluded_lines": [], "start_line": 149}, "_validate_browser_type": {"executed_lines": [188, 189, 190, 191], "summary": {"covered_lines": 4, "num_statements": 4, "percent_covered": 100.0, "percent_covered_display": "100", "missing_lines": 0, "excluded_lines": 0, "percent_statements_covered": 100.0, "percent_statements_covered_display": "100"}, "missing_lines": [], "excluded_lines": [], "start_line": 179}, "_try_play_video": {"executed_lines": [], "summary": {"covered_lines": 0, "num_statements": 24, "percent_covered": 0.0, "percent_covered_display": "0", "missing_lines": 24, "excluded_lines": 0, "percent_statements_covered": 0.0, "percent_statements_covered_display": "0"}, "missing_lines": [203, 204, 206, 208, 209, 210, 211, 212, 213, 214, 215, 217, 218, 219, 220, 221, 222, 223, 224, 226, 227, 229, 230, 231], "excluded_lines": [], "start_line": 194}, "_get_browser_logs": {"executed_lines": [250, 252, 253, 254, 255, 256, 257, 258, 259, 260, 262, 263, 264, 265, 266, 267, 268], "summary": {"covered_lines": 17, "num_statements": 17, "percent_covered": 100.0, "percent_covered_display": "100", "missing_lines": 0, "excluded_lines": 0, "percent_statements_covered": 100.0, "percent_statements_covered_display": "100"}, "missing_lines": [], "excluded_lines": [], "start_line": 234}, "_save_logs_for_debugging": {"executed_lines": [], "summary": {"covered_lines": 0, "num_statements": 10, "percent_covered": 0.0, "percent_covered_display": "0", "missing_lines": 10, "excluded_lines": 0, "percent_statements_covered": 0.0, "percent_statements_covered_display": "0"}, "missing_lines": [285, 286, 287, 289, 291, 292, 301, 302, 303, 304], "excluded_lines": [], "start_line": 271}, "_parse_firefox_log": {"executed_lines": [316, 317, 319, 320, 321, 322, 324], "summary": {"covered_lines": 7, "num_statements": 7, "percent_covered": 100.0, "percent_covered_display": "100", "missing_lines": 0, "excluded_lines": 0, "percent_statements_covered": 100.0, "percent_statements_covered_display": "100"}, "missing_lines": [], "excluded_lines": [], "start_line": 307}, "_parse_chrome_edge_log": {"executed_lines": [337, 338, 340, 341, 368, 369, 370], "summary": {"covered_lines": 7, "num_statements": 25, "percent_covered": 28.0, "percent_covered_display": "28", "missing_lines": 18, "excluded_lines": 0, "percent_statements_covered": 28.0, "percent_statements_covered_display": "28"}, "missing_lines": [343, 344, 346, 347, 348, 350, 352, 354, 355, 356, 357, 359, 360, 361, 362, 363, 364, 366], "excluded_lines": [], "start_line": 327}, "_process_log_entry": {"executed_lines": [388, 389, 390, 391, 392, 394, 398, 399, 401], "summary": {"covered_lines": 9, "num_statements": 14, "percent_covered": 64.28571428571429, "percent_covered_display": "64", "missing_lines": 5, "excluded_lines": 0, "percent_statements_covered": 64.28571428571429, "percent_statements_covered_display": "64"}, "missing_lines": [395, 396, 403, 404, 405], "excluded_lines": [], "start_line": 373}, "fetch_m3u8_links": {"executed_lines": [439, 441, 442, 444, 445, 446, 447, 448, 450, 451, 453, 455, 456, 457, 458, 460, 461, 462, 464, 465, 466, 473, 474, 475, 476, 508, 509, 510, 511, 512], "summary": {"covered_lines": 30, "num_statements": 63, "percent_covered": 47.61904761904762, "percent_covered_display": "48", "missing_lines": 33, "excluded_lines": 0, "percent_statements_covered": 47.61904761904762, "percent_statements_covered_display": "48"}, "missing_lines": [471, 472, 478, 479, 480, 482, 483, 484, 486, 488, 489, 490, 492, 493, 494, 495, 496, 498, 499, 501, 502, 504, 505, 506, 514, 515, 516, 517, 518, 519, 520, 521, 522], "excluded_lines": [], "start_line": 408}, "_validate_m3u8_download_parameters": {"executed_lines": [540, 541, 542, 543, 545, 546, 547, 548, 550, 551, 552, 553, 555, 556, 557, 558, 560, 561, 562, 563, 565, 566, 567, 568], "summary": {"covered_lines": 24, "num_statements": 24, "percent_covered": 100.0, "percent_covered_display": "100", "missing_lines": 0, "excluded_lines": 0, "percent_statements_covered": 100.0, "percent_statements_covered_display": "100"}, "missing_lines": [], "excluded_lines": [], "start_line": 525}, "_ensure_directory_exists": {"executed_lines": [581, 583, 587, 588, 589, 590, 591, 592, 593, 594, 596], "summary": {"covered_lines": 11, "num_statements": 16, "percent_covered": 68.75, "percent_covered_display": "69", "missing_lines": 5, "excluded_lines": 0, "percent_statements_covered": 68.75, "percent_statements_covered_display": "69"}, "missing_lines": [584, 585, 597, 598, 599], "excluded_lines": [], "start_line": 571}, "_fetch_m3u8_content_via_requests": {"executed_lines": [620, 622, 623, 629, 641, 642, 643, 644], "summary": {"covered_lines": 8, "num_statements": 15, "percent_covered": 53.333333333333336, "percent_covered_display": "53", "missing_lines": 7, "excluded_lines": 0, "percent_statements_covered": 53.333333333333336, "percent_statements_covered_display": "53"}, "missing_lines": [631, 633, 634, 635, 636, 638, 639], "excluded_lines": [], "start_line": 602}, "_save_m3u8_content_to_file": {"executed_lines": [657, 659, 660, 661, 662, 663, 664, 665, 666], "summary": {"covered_lines": 9, "num_statements": 9, "percent_covered": 100.0, "percent_covered_display": "100", "missing_lines": 0, "excluded_lines": 0, "percent_statements_covered": 100.0, "percent_statements_covered_display": "100"}, "missing_lines": [], "excluded_lines": [], "start_line": 647}, "download_m3u8_file": {"executed_lines": [703, 705, 706, 707, 708, 714, 715, 716], "summary": {"covered_lines": 8, "num_statements": 15, "percent_covered": 53.333333333333336, "percent_covered_display": "53", "missing_lines": 7, "excluded_lines": 0, "percent_statements_covered": 53.333333333333336, "percent_statements_covered_display": "53"}, "missing_lines": [709, 711, 712, 717, 718, 719, 720], "excluded_lines": [], "start_line": 669}, "": {"executed_lines": [31, 32, 33, 34, 35, 36, 37, 39, 41, 43, 46, 47, 48, 56, 59, 104, 149, 179, 194, 234, 271, 307, 327, 373, 408, 525, 571, 602, 647, 669], "summary": {"covered_lines": 30, "num_statements": 30, "percent_covered": 100.0, "percent_covered_display": "100", "missing_lines": 0, "excluded_lines": 0, "percent_statements_covered": 100.0, "percent_statements_covered_display": "100"}, "missing_lines": [], "excluded_lines": [], "start_line": 1}}, "classes": {"": {"executed_lines": [31, 32, 33, 34, 35, 36, 37, 39, 41, 43, 46, 47, 48, 56, 59, 80, 82, 83, 84, 85, 87, 88, 89, 90, 92, 93, 95, 96, 97, 98, 100, 101, 104, 125, 127, 128, 129, 130, 132, 133, 134, 135, 137, 138, 139, 141, 142, 144, 146, 149, 168, 170, 171, 172, 173, 174, 175, 176, 179, 188, 189, 190, 191, 194, 234, 250, 252, 253, 254, 255, 256, 257, 258, 259, 260, 262, 263, 264, 265, 266, 267, 268, 271, 307, 316, 317, 319, 320, 321, 322, 324, 327, 337, 338, 340, 341, 368, 369, 370, 373, 388, 389, 390, 391, 392, 394, 398, 399, 401, 408, 439, 441, 442, 444, 445, 446, 447, 448, 450, 451, 453, 455, 456, 457, 458, 460, 461, 462, 464, 465, 466, 473, 474, 475, 476, 508, 509, 510, 511, 512, 525, 540, 541, 542, 543, 545, 546, 547, 548, 550, 551, 552, 553, 555, 556, 557, 558, 560, 561, 562, 563, 565, 566, 567, 568, 571, 581, 583, 587, 588, 589, 590, 591, 592, 593, 594, 596, 602, 620, 622, 623, 629, 641, 642, 643, 644, 647, 657, 659, 660, 661, 662, 663, 664, 665, 666, 669, 703, 705, 706, 707, 708, 714, 715, 716], "summary": {"covered_lines": 205, "num_statements": 314, "percent_covered": 65.28662420382166, "percent_covered_display": "65", "missing_lines": 109, "excluded_lines": 0, "percent_statements_covered": 65.28662420382166, "percent_statements_covered_display": "65"}, "missing_lines": [203, 204, 206, 208, 209, 210, 211, 212, 213, 214, 215, 217, 218, 219, 220, 221, 222, 223, 224, 226, 227, 229, 230, 231, 285, 286, 287, 289, 291, 292, 301, 302, 303, 304, 343, 344, 346, 347, 348, 350, 352, 354, 355, 356, 357, 359, 360, 361, 362, 363, 364, 366, 395, 396, 403, 404, 405, 471, 472, 478, 479, 480, 482, 483, 484, 486, 488, 489, 490, 492, 493, 494, 495, 496, 498, 499, 501, 502, 504, 505, 506, 514, 515, 516, 517, 518, 519, 520, 521, 522, 584, 585, 597, 598, 599, 631, 633, 634, 635, 636, 638, 639, 709, 711, 712, 717, 718, 719, 720], "excluded_lines": [], "start_line": 1}}}, "src\\dingtalk_download\\main.py": {"executed_lines": [11, 12, 13, 15, 16, 17, 18, 19, 25, 28, 29, 30, 31, 32, 37, 38, 41, 73, 74, 75, 76, 78, 79, 80, 81, 83, 84, 86, 88, 89, 91, 92, 93, 95, 96, 97, 98, 99, 101, 102, 105, 106, 110, 112, 114, 116, 117, 118, 119, 121, 122, 125, 152, 154, 155, 156, 157, 158, 159, 161, 162, 163, 164, 165, 166, 168, 169, 170, 171, 172, 175, 200, 202, 204, 205, 206, 207, 208, 210, 211, 212, 213, 215, 217, 218, 221, 298, 322, 323, 325, 326, 327, 328, 329, 331, 332, 335, 336, 340, 342, 345, 421, 426, 427, 428, 429, 432, 480], "summary": {"covered_lines": 108, "num_statements": 218, "percent_covered": 49.54128440366973, "percent_covered_display": "50", "missing_lines": 110, "excluded_lines": 2, "percent_statements_covered": 49.54128440366973, "percent_statements_covered_display": "50"}, "missing_lines": [233, 235, 236, 237, 241, 246, 247, 249, 250, 251, 256, 257, 259, 260, 261, 262, 263, 264, 266, 268, 269, 270, 271, 272, 274, 275, 276, 277, 278, 279, 281, 283, 284, 285, 286, 287, 288, 290, 291, 292, 293, 294, 295, 357, 359, 360, 361, 363, 367, 372, 373, 374, 375, 377, 378, 380, 381, 383, 384, 385, 387, 388, 389, 391, 392, 393, 394, 395, 396, 398, 399, 401, 402, 403, 404, 406, 407, 408, 409, 410, 411, 413, 414, 415, 416, 417, 418, 449, 450, 452, 453, 458, 459, 460, 461, 462, 463, 465, 466, 467, 468, 469, 470, 472, 473, 474, 475, 476, 477, 481], "excluded_lines": [21, 22], "functions": {"repeat_process_links": {"executed_lines": [73, 74, 75, 76, 78, 79, 80, 81, 83, 84, 86, 88, 89, 91, 92, 93, 95, 96, 97, 98, 99, 101, 102, 105, 106, 110, 112, 114, 116, 117, 118, 119, 121, 122], "summary": {"covered_lines": 34, "num_statements": 34, "percent_covered": 100.0, "percent_covered_display": "100", "missing_lines": 0, "excluded_lines": 0, "percent_statements_covered": 100.0, "percent_statements_covered_display": "100"}, "missing_lines": [], "excluded_lines": [], "start_line": 41}, "continue_download": {"executed_lines": [152, 154, 155, 156, 157, 158, 159, 161, 162, 163, 164, 165, 166, 168, 169, 170, 171, 172], "summary": {"covered_lines": 18, "num_statements": 18, "percent_covered": 100.0, "percent_covered_display": "100", "missing_lines": 0, "excluded_lines": 0, "percent_statements_covered": 100.0, "percent_statements_covered_display": "100"}, "missing_lines": [], "excluded_lines": [], "start_line": 125}, "_download_single_video": {"executed_lines": [200, 202, 204, 205, 206, 207, 208, 210, 211, 212, 213, 215, 217, 218], "summary": {"covered_lines": 14, "num_statements": 14, "percent_covered": 100.0, "percent_covered_display": "100", "missing_lines": 0, "excluded_lines": 0, "percent_statements_covered": 100.0, "percent_statements_covered_display": "100"}, "missing_lines": [], "excluded_lines": [], "start_line": 175}, "single_mode": {"executed_lines": [], "summary": {"covered_lines": 0, "num_statements": 43, "percent_covered": 0.0, "percent_covered_display": "0", "missing_lines": 43, "excluded_lines": 0, "percent_statements_covered": 0.0, "percent_statements_covered_display": "0"}, "missing_lines": [233, 235, 236, 237, 241, 246, 247, 249, 250, 251, 256, 257, 259, 260, 261, 262, 263, 264, 266, 268, 269, 270, 271, 272, 274, 275, 276, 277, 278, 279, 281, 283, 284, 285, 286, 287, 288, 290, 291, 292, 293, 294, 295], "excluded_lines": [], "start_line": 221}, "_download_batch_video": {"executed_lines": [322, 323, 325, 326, 327, 328, 329, 331, 332, 335, 336, 340, 342], "summary": {"covered_lines": 13, "num_statements": 13, "percent_covered": 100.0, "percent_covered_display": "100", "missing_lines": 0, "excluded_lines": 0, "percent_statements_covered": 100.0, "percent_statements_covered_display": "100"}, "missing_lines": [], "excluded_lines": [], "start_line": 298}, "batch_mode": {"executed_lines": [], "summary": {"covered_lines": 0, "num_statements": 44, "percent_covered": 0.0, "percent_covered_display": "0", "missing_lines": 44, "excluded_lines": 0, "percent_statements_covered": 0.0, "percent_statements_covered_display": "0"}, "missing_lines": [357, 359, 360, 361, 363, 367, 372, 373, 374, 375, 377, 378, 380, 381, 383, 384, 385, 387, 388, 389, 391, 392, 393, 394, 395, 396, 398, 399, 401, 402, 403, 404, 406, 407, 408, 409, 410, 411, 413, 414, 415, 416, 417, 418], "excluded_lines": [], "start_line": 345}, "_print_welcome_message": {"executed_lines": [426, 427, 428, 429], "summary": {"covered_lines": 4, "num_statements": 4, "percent_covered": 100.0, "percent_covered_display": "100", "missing_lines": 0, "excluded_lines": 0, "percent_statements_covered": 100.0, "percent_statements_covered_display": "100"}, "missing_lines": [], "excluded_lines": [], "start_line": 421}, "main": {"executed_lines": [], "summary": {"covered_lines": 0, "num_statements": 22, "percent_covered": 0.0, "percent_covered_display": "0", "missing_lines": 22, "excluded_lines": 0, "percent_statements_covered": 0.0, "percent_statements_covered_display": "0"}, "missing_lines": [449, 450, 452, 453, 458, 459, 460, 461, 462, 463, 465, 466, 467, 468, 469, 470, 472, 473, 474, 475, 476, 477], "excluded_lines": [], "start_line": 432}, "": {"executed_lines": [11, 12, 13, 15, 16, 17, 18, 19, 25, 28, 29, 30, 31, 32, 37, 38, 41, 125, 175, 221, 298, 345, 421, 432, 480], "summary": {"covered_lines": 25, "num_statements": 26, "percent_covered": 96.15384615384616, "percent_covered_display": "96", "missing_lines": 1, "excluded_lines": 2, "percent_statements_covered": 96.15384615384616, "percent_statements_covered_display": "96"}, "missing_lines": [481], "excluded_lines": [21, 22], "start_line": 1}}, "classes": {"": {"executed_lines": [11, 12, 13, 15, 16, 17, 18, 19, 25, 28, 29, 30, 31, 32, 37, 38, 41, 73, 74, 75, 76, 78, 79, 80, 81, 83, 84, 86, 88, 89, 91, 92, 93, 95, 96, 97, 98, 99, 101, 102, 105, 106, 110, 112, 114, 116, 117, 118, 119, 121, 122, 125, 152, 154, 155, 156, 157, 158, 159, 161, 162, 163, 164, 165, 166, 168, 169, 170, 171, 172, 175, 200, 202, 204, 205, 206, 207, 208, 210, 211, 212, 213, 215, 217, 218, 221, 298, 322, 323, 325, 326, 327, 328, 329, 331, 332, 335, 336, 340, 342, 345, 421, 426, 427, 428, 429, 432, 480], "summary": {"covered_lines": 108, "num_statements": 218, "percent_covered": 49.54128440366973, "percent_covered_display": "50", "missing_lines": 110, "excluded_lines": 2, "percent_statements_covered": 49.54128440366973, "percent_statements_covered_display": "50"}, "missing_lines": [233, 235, 236, 237, 241, 246, 247, 249, 250, 251, 256, 257, 259, 260, 261, 262, 263, 264, 266, 268, 269, 270, 271, 272, 274, 275, 276, 277, 278, 279, 281, 283, 284, 285, 286, 287, 288, 290, 291, 292, 293, 294, 295, 357, 359, 360, 361, 363, 367, 372, 373, 374, 375, 377, 378, 380, 381, 383, 384, 385, 387, 388, 389, 391, 392, 393, 394, 395, 396, 398, 399, 401, 402, 403, 404, 406, 407, 408, 409, 410, 411, 413, 414, 415, 416, 417, 418, 449, 450, 452, 453, 458, 459, 460, 461, 462, 463, 465, 466, 467, 468, 469, 470, 472, 473, 474, 475, 476, 477, 481], "excluded_lines": [21, 22], "start_line": 1}}}, "src\\dingtalk_download\\utils.py": {"executed_lines": [7, 8, 9, 12, 15, 44, 47, 48, 49, 50, 52, 53, 54, 55, 57, 58, 59, 60, 62, 63, 64, 65, 67, 68, 69, 70, 73, 74, 75, 76, 79, 80, 81, 84, 85, 86, 88, 89, 99, 120, 122, 123, 125, 126, 127, 128, 129, 130, 131, 132, 134, 135, 136, 139, 161, 164, 165, 166, 167, 169, 170, 171, 172, 175, 178, 179, 180, 181, 183, 184], "summary": {"covered_lines": 70, "num_statements": 76, "percent_covered": 92.10526315789474, "percent_covered_display": "92", "missing_lines": 6, "excluded_lines": 0, "percent_statements_covered": 92.10526315789474, "percent_statements_covered_display": "92"}, "missing_lines": [91, 92, 93, 94, 95, 96], "excluded_lines": [], "functions": {"validate_input": {"executed_lines": [44, 47, 48, 49, 50, 52, 53, 54, 55, 57, 58, 59, 60, 62, 63, 64, 65, 67, 68, 69, 70, 73, 74, 75, 76, 79, 80, 81, 84, 85, 86, 88, 89], "summary": {"covered_lines": 33, "num_statements": 39, "percent_covered": 84.61538461538461, "percent_covered_display": "85", "missing_lines": 6, "excluded_lines": 0, "percent_statements_covered": 84.61538461538461, "percent_statements_covered_display": "85"}, "missing_lines": [91, 92, 93, 94, 95, 96], "excluded_lines": [], "start_line": 15}, "get_executable_name": {"executed_lines": [120, 122, 123, 125, 126, 127, 128, 129, 130, 131, 132, 134, 135, 136], "summary": {"covered_lines": 14, "num_statements": 14, "percent_covered": 100.0, "percent_covered_display": "100", "missing_lines": 0, "excluded_lines": 0, "percent_statements_covered": 100.0, "percent_statements_covered_display": "100"}, "missing_lines": [], "excluded_lines": [], "start_line": 99}, "clean_file_path": {"executed_lines": [161, 164, 165, 166, 167, 169, 170, 171, 172, 175, 178, 179, 180, 181, 183, 184], "summary": {"covered_lines": 16, "num_statements": 16, "percent_covered": 100.0, "percent_covered_display": "100", "missing_lines": 0, "excluded_lines": 0, "percent_statements_covered": 100.0, "percent_statements_covered_display": "100"}, "missing_lines": [], "excluded_lines": [], "start_line": 139}, "": {"executed_lines": [7, 8, 9, 12, 15, 99, 139], "summary": {"covered_lines": 7, "num_statements": 7, "percent_covered": 100.0, "percent_covered_display": "100", "missing_lines": 0, "excluded_lines": 0, "percent_statements_covered": 100.0, "percent_statements_covered_display": "100"}, "missing_lines": [], "excluded_lines": [], "start_line": 1}}, "classes": {"": {"executed_lines": [7, 8, 9, 12, 15, 44, 47, 48, 49, 50, 52, 53, 54, 55, 57, 58, 59, 60, 62, 63, 64, 65, 67, 68, 69, 70, 73, 74, 75, 76, 79, 80, 81, 84, 85, 86, 88, 89, 99, 120, 122, 123, 125, 126, 127, 128, 129, 130, 131, 132, 134, 135, 136, 139, 161, 164, 165, 166, 167, 169, 170, 171, 172, 175, 178, 179, 180, 181, 183, 184], "summary": {"covered_lines": 70, "num_statements": 76, "percent_covered": 92.10526315789474, "percent_covered_display": "92", "missing_lines": 6, "excluded_lines": 0, "percent_statements_covered": 92.10526315789474, "percent_statements_covered_display": "92"}, "missing_lines": [91, 92, 93, 94, 95, 96], "excluded_lines": [], "start_line": 1}}}}, "totals": {"covered_lines": 781, "num_statements": 1045, "percent_covered": 74.73684210526316, "percent_covered_display": "75", "missing_lines": 264, "excluded_lines": 2, "percent_statements_covered": 74.73684210526316, "percent_statements_covered_display": "75"}}